<?xml version="1.0" encoding="UTF-8"?>
<!-- Generated by org.testng.reporters.JUnitXMLReporter -->
<testsuite ignored="2" hostname="Trayambkay" failures="0" tests="5" name="Test" time="56.167" errors="0" timestamp="2023-12-01T17:17:42 IST">
  <testcase classname="com.bixi.BaseTestScripts.InternetBankingTest" name="iBankingChangePassword" time="10.379"/>
  <testcase classname="com.bixi.BaseTestScripts.InternetBankingTest" name="registerForIBAnotherTab" time="3.269"/>
  <testcase classname="com.bixi.BaseTestScripts.InternetBankingTest" name="regiterForIBankingAndRefresh_ManTC13" time="10.029"/>
  <testcase classname="com.bixi.BaseTestScripts.OpenAccountTest" name="applyNewBankAccount_NeyazUTC05" time="10.167"/>
  <testcase classname="com.bixi.BaseTestScripts.DebitCardTest" name="applyForDebitCardWithBlankFields_NeyazTC15" time="10.183"/>
  <testcase classname="com.bixi.genericutility.BaseClass" name="@BeforeSuite config_BS" time="0.0">
    <ignored/>
  </testcase> <!-- @BeforeSuite config_BS -->
  <testcase classname="com.bixi.genericutility.BaseClass" name="@BeforeSuite config_BS" time="0.0">
    <ignored/>
  </testcase> <!-- @BeforeSuite config_BS -->
</testsuite> <!-- Test -->
