<?xml version="1.0" encoding="UTF-8"?>
<testng-results ignored="0" total="1" passed="1" failed="0" skipped="0">
  <reporter-output>
  </reporter-output>
  <suite started-at="2023-12-01T17:55:38 IST" name="Default suite" finished-at="2023-12-01T17:55:53 IST" duration-ms="15015">
    <groups>
      <group name="system">
        <method signature="InternetBankingTest.iBankingChangePasswordTest()[pri:0, instance:com.bixi.BaseTestScripts.InternetBankingTest@5b247367]" name="iBankingChangePasswordTest" class="com.bixi.BaseTestScripts.InternetBankingTest"/>
      </group> <!-- system -->
    </groups>
    <test started-at="2023-12-01T17:55:38 IST" name="Default test" finished-at="2023-12-01T17:55:53 IST" duration-ms="15015">
      <class name="com.bixi.BaseTestScripts.InternetBankingTest">
        <test-method is-config="true" signature="config_BS()[pri:0, instance:com.bixi.BaseTestScripts.InternetBankingTest@5b247367]" started-at="2023-12-01T17:55:38 IST" name="config_BS" finished-at="2023-12-01T17:55:38 IST" duration-ms="12" status="PASS">
          <reporter-output>
          </reporter-output>
        </test-method> <!-- config_BS -->
        <test-method is-config="true" signature="config_BC()[pri:0, instance:com.bixi.BaseTestScripts.InternetBankingTest@5b247367]" started-at="2023-12-01T17:55:38 IST" name="config_BC" finished-at="2023-12-01T17:55:41 IST" duration-ms="2999" status="PASS">
          <reporter-output>
          </reporter-output>
        </test-method> <!-- config_BC -->
        <test-method is-config="true" signature="config_BM()[pri:0, instance:com.bixi.BaseTestScripts.InternetBankingTest@5b247367]" started-at="2023-12-01T17:55:41 IST" name="config_BM" finished-at="2023-12-01T17:55:42 IST" duration-ms="218" status="PASS">
          <reporter-output>
          </reporter-output>
        </test-method> <!-- config_BM -->
        <test-method signature="iBankingChangePasswordTest()[pri:0, instance:com.bixi.BaseTestScripts.InternetBankingTest@5b247367]" started-at="2023-12-01T17:55:42 IST" name="iBankingChangePasswordTest" finished-at="2023-12-01T17:55:52 IST" duration-ms="10086" status="PASS">
          <reporter-output>
          </reporter-output>
        </test-method> <!-- iBankingChangePasswordTest -->
        <test-method is-config="true" signature="config_AM()[pri:0, instance:com.bixi.BaseTestScripts.InternetBankingTest@5b247367]" started-at="2023-12-01T17:55:52 IST" name="config_AM" finished-at="2023-12-01T17:55:53 IST" duration-ms="1613" status="PASS">
          <reporter-output>
          </reporter-output>
        </test-method> <!-- config_AM -->
      </class> <!-- com.bixi.BaseTestScripts.InternetBankingTest -->
    </test> <!-- Default test -->
  </suite> <!-- Default suite -->
</testng-results>
