<?xml version="1.0" encoding="UTF-8"?>
<testng-results ignored="0" total="5" passed="5" failed="0" skipped="0">
  <reporter-output>
  </reporter-output>
  <suite started-at="2023-12-01T17:16:46 IST" name="Suite" finished-at="2023-12-01T17:17:42 IST" duration-ms="56167">
    <groups>
      <group name="system">
        <method signature="InternetBankingTest.iBankingChangePassword()[pri:0, instance:com.bixi.BaseTestScripts.InternetBankingTest@5b247367]" name="iBankingChangePassword" class="com.bixi.BaseTestScripts.InternetBankingTest"/>
      </group> <!-- system -->
      <group name="regression">
        <method signature="OpenAccountTest.applyNewBankAccount_NeyazUTC05()[pri:0, instance:com.bixi.BaseTestScripts.OpenAccountTest@7c137fd5]" name="applyNewBankAccount_NeyazUTC05" class="com.bixi.BaseTestScripts.OpenAccountTest"/>
      </group> <!-- regression -->
      <group name="smoke">
        <method signature="DebitCardTest.applyForDebitCardWithBlankFields_NeyazTC15()[pri:0, instance:com.bixi.BaseTestScripts.DebitCardTest@183ec003]" name="applyForDebitCardWithBlankFields_NeyazTC15" class="com.bixi.BaseTestScripts.DebitCardTest"/>
        <method signature="InternetBankingTest.registerForIBAnotherTab()[pri:0, instance:com.bixi.BaseTestScripts.InternetBankingTest@5b247367]" name="registerForIBAnotherTab" class="com.bixi.BaseTestScripts.InternetBankingTest"/>
        <method signature="InternetBankingTest.regiterForIBankingAndRefresh_ManTC13()[pri:0, instance:com.bixi.BaseTestScripts.InternetBankingTest@5b247367]" name="regiterForIBankingAndRefresh_ManTC13" class="com.bixi.BaseTestScripts.InternetBankingTest"/>
      </group> <!-- smoke -->
    </groups>
    <test started-at="2023-12-01T17:16:46 IST" name="Test" finished-at="2023-12-01T17:17:42 IST" duration-ms="56167">
      <class name="com.bixi.BaseTestScripts.OpenAccountTest">
        <test-method is-config="true" signature="config_BC()[pri:0, instance:com.bixi.BaseTestScripts.OpenAccountTest@7c137fd5]" started-at="2023-12-01T17:17:15 IST" name="config_BC" finished-at="2023-12-01T17:17:16 IST" duration-ms="1844" status="PASS">
          <reporter-output>
          </reporter-output>
        </test-method> <!-- config_BC -->
        <test-method is-config="true" signature="config_BM()[pri:0, instance:com.bixi.BaseTestScripts.OpenAccountTest@7c137fd5]" started-at="2023-12-01T17:17:16 IST" name="config_BM" finished-at="2023-12-01T17:17:17 IST" duration-ms="216" status="PASS">
          <reporter-output>
          </reporter-output>
        </test-method> <!-- config_BM -->
        <test-method signature="applyNewBankAccount_NeyazUTC05()[pri:0, instance:com.bixi.BaseTestScripts.OpenAccountTest@7c137fd5]" started-at="2023-12-01T17:17:17 IST" name="applyNewBankAccount_NeyazUTC05" finished-at="2023-12-01T17:17:27 IST" duration-ms="10167" status="PASS">
          <reporter-output>
          </reporter-output>
        </test-method> <!-- applyNewBankAccount_NeyazUTC05 -->
        <test-method is-config="true" signature="config_AM()[pri:0, instance:com.bixi.BaseTestScripts.OpenAccountTest@7c137fd5]" started-at="2023-12-01T17:17:27 IST" name="config_AM" finished-at="2023-12-01T17:17:28 IST" duration-ms="1613" status="PASS">
          <reporter-output>
          </reporter-output>
        </test-method> <!-- config_AM -->
      </class> <!-- com.bixi.BaseTestScripts.OpenAccountTest -->
      <class name="com.bixi.BaseTestScripts.DebitCardTest">
        <test-method is-config="true" signature="config_BC()[pri:0, instance:com.bixi.BaseTestScripts.DebitCardTest@183ec003]" started-at="2023-12-01T17:17:28 IST" name="config_BC" finished-at="2023-12-01T17:17:30 IST" duration-ms="1776" status="PASS">
          <reporter-output>
          </reporter-output>
        </test-method> <!-- config_BC -->
        <test-method is-config="true" signature="config_BM()[pri:0, instance:com.bixi.BaseTestScripts.DebitCardTest@183ec003]" started-at="2023-12-01T17:17:30 IST" name="config_BM" finished-at="2023-12-01T17:17:30 IST" duration-ms="160" status="PASS">
          <reporter-output>
          </reporter-output>
        </test-method> <!-- config_BM -->
        <test-method signature="applyForDebitCardWithBlankFields_NeyazTC15()[pri:0, instance:com.bixi.BaseTestScripts.DebitCardTest@183ec003]" started-at="2023-12-01T17:17:30 IST" name="applyForDebitCardWithBlankFields_NeyazTC15" finished-at="2023-12-01T17:17:41 IST" duration-ms="10183" status="PASS">
          <reporter-output>
          </reporter-output>
        </test-method> <!-- applyForDebitCardWithBlankFields_NeyazTC15 -->
        <test-method is-config="true" signature="config_AM()[pri:0, instance:com.bixi.BaseTestScripts.DebitCardTest@183ec003]" started-at="2023-12-01T17:17:41 IST" name="config_AM" finished-at="2023-12-01T17:17:42 IST" duration-ms="1562" status="PASS">
          <reporter-output>
          </reporter-output>
        </test-method> <!-- config_AM -->
      </class> <!-- com.bixi.BaseTestScripts.DebitCardTest -->
      <class name="com.bixi.BaseTestScripts.InternetBankingTest">
        <test-method is-config="true" signature="config_BS()[pri:0, instance:com.bixi.BaseTestScripts.InternetBankingTest@5b247367]" started-at="2023-12-01T17:16:46 IST" name="config_BS" finished-at="2023-12-01T17:16:46 IST" duration-ms="15" status="PASS">
          <reporter-output>
          </reporter-output>
        </test-method> <!-- config_BS -->
        <test-method is-config="true" signature="config_BC()[pri:0, instance:com.bixi.BaseTestScripts.InternetBankingTest@5b247367]" started-at="2023-12-01T17:16:46 IST" name="config_BC" finished-at="2023-12-01T17:16:49 IST" duration-ms="2984" status="PASS">
          <reporter-output>
          </reporter-output>
        </test-method> <!-- config_BC -->
        <test-method is-config="true" signature="config_BM()[pri:0, instance:com.bixi.BaseTestScripts.InternetBankingTest@5b247367]" started-at="2023-12-01T17:16:49 IST" name="config_BM" finished-at="2023-12-01T17:16:49 IST" duration-ms="85" status="PASS">
          <reporter-output>
          </reporter-output>
        </test-method> <!-- config_BM -->
        <test-method signature="iBankingChangePassword()[pri:0, instance:com.bixi.BaseTestScripts.InternetBankingTest@5b247367]" started-at="2023-12-01T17:16:49 IST" name="iBankingChangePassword" finished-at="2023-12-01T17:16:59 IST" duration-ms="10379" status="PASS">
          <reporter-output>
          </reporter-output>
        </test-method> <!-- iBankingChangePassword -->
        <test-method is-config="true" signature="config_BM()[pri:0, instance:com.bixi.BaseTestScripts.InternetBankingTest@5b247367]" started-at="2023-12-01T17:16:59 IST" name="config_BM" finished-at="2023-12-01T17:17:00 IST" duration-ms="94" status="PASS">
          <reporter-output>
          </reporter-output>
        </test-method> <!-- config_BM -->
        <test-method signature="registerForIBAnotherTab()[pri:0, instance:com.bixi.BaseTestScripts.InternetBankingTest@5b247367]" started-at="2023-12-01T17:17:00 IST" name="registerForIBAnotherTab" finished-at="2023-12-01T17:17:03 IST" duration-ms="3269" status="PASS">
          <reporter-output>
          </reporter-output>
        </test-method> <!-- registerForIBAnotherTab -->
        <test-method is-config="true" signature="config_BM()[pri:0, instance:com.bixi.BaseTestScripts.InternetBankingTest@5b247367]" started-at="2023-12-01T17:17:03 IST" name="config_BM" finished-at="2023-12-01T17:17:03 IST" duration-ms="77" status="PASS">
          <reporter-output>
          </reporter-output>
        </test-method> <!-- config_BM -->
        <test-method signature="regiterForIBankingAndRefresh_ManTC13()[pri:0, instance:com.bixi.BaseTestScripts.InternetBankingTest@5b247367]" started-at="2023-12-01T17:17:03 IST" name="regiterForIBankingAndRefresh_ManTC13" finished-at="2023-12-01T17:17:13 IST" duration-ms="10029" status="PASS">
          <reporter-output>
          </reporter-output>
        </test-method> <!-- regiterForIBankingAndRefresh_ManTC13 -->
        <test-method is-config="true" signature="config_AM()[pri:0, instance:com.bixi.BaseTestScripts.InternetBankingTest@5b247367]" started-at="2023-12-01T17:17:13 IST" name="config_AM" finished-at="2023-12-01T17:17:15 IST" duration-ms="1585" status="PASS">
          <reporter-output>
          </reporter-output>
        </test-method> <!-- config_AM -->
      </class> <!-- com.bixi.BaseTestScripts.InternetBankingTest -->
    </test> <!-- Test -->
  </suite> <!-- Suite -->
</testng-results>
